function f (x, y = 7, z = 42) {
    return x + y + z;
}
f(1) === 50;
true
function f1 (x, y ,z) {
console.log(`X is ${x} and Y is ${y} and Z is ${z}`);
    return x + y + z;
}
f1(1) === 50;
VM1597:2 X is 1 and Y is undefined and Z is undefined
false
function f1 (x, y ,z) {
y = y || 7;
z = z||42;
console.log(`X is ${x} and Y is ${y} and Z is ${z}`);
    return x + y + z;
}
f1(1) === 50;
VM1668:4 X is 1 and Y is 7 and Z is 42
true
function takeNArgs(...x){
console.log("X is ",x.length);
}
undefined
takeNArgs();
VM1831:2 X is  0
undefined
takeNArgs(10,20);
VM1831:2 X is  2
undefined
takeNArgs(10,20,"30");
VM1831:2 X is  3
undefined
function add(){
console.log(arguments.length);
}
undefined
add(10,20);
VM1983:2 2
undefined
var e = [10,20,30,40,50];
undefined
var v = [1000,2000,e];
undefined
v;
(3) [1000, 2000, Array(5)]
var v = [1000,2000,...e];
undefined
v;
(7) [1000, 2000, 10, 20, 30, 40, 50]
var f  = [1,2,3,4,5];
undefined
f;
(5) [1, 2, 3, 4, 5]
e;
(5) [10, 20, 30, 40, 50]
var m = [...f,...e];
undefined
m;
(10) [1, 2, 3, 4, 5, 10, 20, 30, 40, 50]
var x= 100;
undefined
var y = 200;
undefined
var obj = {a:100,b:200};
undefined
var obj = {x,y};
undefined
obj;
{x: 100, y: 200}
obj  = {
add:function(){
}
}
{add: ƒ}
obj = {
add(){
}
}
{add: ƒ}
var obj  ={a:100,b:200,c:300};
undefined
var e = {x : 100,...obj};
undefined
e;
{x: 100, a: 100, b: 200, c: 300}
var obj  ={a:100,b:200,c:300};
undefined
var x= obj.a;
undefined
var {a,b} = obj;
undefined
a;
100
b;
200
var ff = [10,20,30,40,50,60];
undefined
var [x,,y,,z] = ff;
undefined
x;
10
y;
30
z;
50
var customer = {id:1001,name:'Ram',balance:10000, discount:10};
undefined
function printDiscount({name,discount}){
console.log(`Name is ${name} and Discount is ${discount}`);
}

undefined
printDiscount(customer);
VM3120:2 Name is Ram and Discount is 10
undefined
