var x = [10,20,30,40,50,10];
undefined
x= x.filter(y=>y!==10);
(4) [20, 30, 40, 50]
x.findIndex(y=>y==30);
1
var index = x.findIndex(y=>y==30);
undefined
x[index]=100;
100
x;
(4) [20, 100, 40, 50]
var x = [10,20,30,40,50,10];
undefined
x.length =3;
3
x;
(3) [10, 20, 30]
var t = [10,20,null,50,undefined,100];
undefined
var t = [10,20,null,50,undefined,100,""];
undefined
t.filter(y=>y);
(4) [10, 20, 50, 100]
var d= ()=>"Hello I am Arrow";
undefined
d();
"Hello I am Arrow"
var object = {
arr:[10,5,20,100,12,11],
even:[],
fill(){
this.arr.forEach(y=>{
if(y%2==0){
this.even.push(y);
}
})
}
}
undefined
var object = {
arr:[10,5,20,100,12,11],
even:[],
fill(){
this.arr.forEach(function(y){
if(y%2==0){
this.even.push(y);
}
})
}
}
undefined
object.fill();
VM970:7 Uncaught TypeError: Cannot read property 'push' of undefined
    at <anonymous>:7:11
    at Array.forEach (<anonymous>)
    at Object.fill (<anonymous>:5:10)
    at <anonymous>:1:8
(anonymous) @ VM970:7
fill @ VM970:5
(anonymous) @ VM1038:1
var object = {
arr:[10,5,20,100,12,11],
even:[],
fill(){
var that = this;
this.arr.forEach(function(y){
if(y%2==0){
that.even.push(y);
}
})
}
}
undefined
object.fill();
undefined
object.even;
(4) [10, 20, 100, 12]
var object = {
arr:[10,5,20,100,12,11],
even:[],
fill(){

this.arr.forEach(y=>{
if(y%2==0){
this.even.push(y);
}
})
}
}
undefined
object.fill();
undefined
object.even;
(4) [10, 20, 100, 12]
function Student(id, name, course){
this.id = id;
this.name = name;
this.course = course;
}
undefined
var ram= new Student(1001,"Ram","BTECH");
undefined
ram;
Student {id: 1001, name: "Ram", course: "BTECH"}
Student.constructor;
ƒ Function() { [native code] }
Student.constructor();
ƒ anonymous() {

}
Student.constructor.name;
"Function"
var e = ()=>1000;
undefined
typeof Student;
"function"
typeof e;
"function"
e.constructor.name;
"Function"
var x = "amit";
undefined
var r= new RegExp("[a-z]{3,10}");
undefined
r.test(x);
true
x="a";
"a"
r.test(x);
false
var r= new RegExp("[a-z]{3,10}[0-9]{2}");
undefined
r.test("amit12");
true
r.test("amit1");
false
function tea(callMeBack){
console.log("Tea Prepare Start ");
console.log("TEA LOGIC ");
console.log("TEA DONE AND READY FOR SERVE ");
callMeBack("TEA");
}
function callMeBack(collect){
console.log("Collect the TEA ",collect);
}
tea(callMeBack);
VM5419:2 Tea Prepare Start 
VM5419:3 TEA LOGIC 
VM5419:4 TEA DONE AND READY FOR SERVE 
VM5419:8 Collect the TEA  TEA
undefined
